<?xml version="1.0" encoding="UTF-8"?>
<!-- Generated by org.testng.reporters.JUnitReportReporter -->
<testsuite hostname="DESKTOP-IAVCFD6" failures="0" tests="1" name="ASSIGNMENT.MAS2" time="10.783" errors="0" timestamp="2025-08-02T13:49:52 IST" skipped="0">
  <testcase classname="ASSIGNMENT.MAS2" name="login" time="10.783"/>
</testsuite> <!-- ASSIGNMENT.MAS2 -->
